<?xml version="1.0" encoding="UTF-8"?>
<!-- Generated by org.testng.reporters.JUnitReportReporter -->
<testsuite hostname="Saurav" failures="0" tests="1" name="org.test.WebpageTest" time="0.010" errors="0" timestamp="2025-01-29T17:21:07 IST" skipped="0">
  <testcase classname="org.test.WebpageTest" name="titleValidationTest" time="0.010"/>
</testsuite> <!-- org.test.WebpageTest -->
